Simulator report for lado_registrador
Tue Nov 22 15:50:01 2022
Quartus II Version 9.1 Build 350 03/24/2010 Service Pack 2 SJ Web Edition


---------------------
; Table of Contents ;
---------------------
  1. Legal Notice
  2. Simulator Summary
  3. Simulator Settings
  4. Simulation Waveforms
  5. Coverage Summary
  6. Complete 1/0-Value Coverage
  7. Missing 1-Value Coverage
  8. Missing 0-Value Coverage
  9. Simulator INI Usage
 10. Simulator Messages



----------------
; Legal Notice ;
----------------
Copyright (C) 1991-2010 Altera Corporation
Your use of Altera Corporation's design tools, logic functions 
and other software and tools, and its AMPP partner logic 
functions, and any output files from any of the foregoing 
(including device programming or simulation files), and any 
associated documentation or information are expressly subject 
to the terms and conditions of the Altera Program License 
Subscription Agreement, Altera MegaCore Function License 
Agreement, or other applicable license agreement, including, 
without limitation, that your use is for the sole purpose of 
programming logic devices manufactured by Altera and sold by 
Altera or its authorized distributors.  Please refer to the 
applicable agreement for further details.



+--------------------------------------------+
; Simulator Summary                          ;
+-----------------------------+--------------+
; Type                        ; Value        ;
+-----------------------------+--------------+
; Simulation Start Time       ; 0 ps         ;
; Simulation End Time         ; 1.0 us       ;
; Simulation Netlist Size     ; 62 nodes     ;
; Simulation Coverage         ;      18.87 % ;
; Total Number of Transitions ; 8899         ;
; Simulation Breakpoints      ; 0            ;
; Family                      ; Cyclone II   ;
; Device                      ; EP2C35F672C6 ;
+-----------------------------+--------------+


+-------------------------------------------------------------------------------------------------------------------------+
; Simulator Settings                                                                                                      ;
+--------------------------------------------------------------------------------------------+------------+---------------+
; Option                                                                                     ; Setting    ; Default Value ;
+--------------------------------------------------------------------------------------------+------------+---------------+
; Simulation mode                                                                            ; Timing     ; Timing        ;
; Start time                                                                                 ; 0 ns       ; 0 ns          ;
; Simulation results format                                                                  ; CVWF       ;               ;
; Add pins automatically to simulation output waveforms                                      ; On         ; On            ;
; Check outputs                                                                              ; Off        ; Off           ;
; Report simulation coverage                                                                 ; On         ; On            ;
; Display complete 1/0 value coverage report                                                 ; On         ; On            ;
; Display missing 1-value coverage report                                                    ; On         ; On            ;
; Display missing 0-value coverage report                                                    ; On         ; On            ;
; Detect setup and hold time violations                                                      ; Off        ; Off           ;
; Detect glitches                                                                            ; Off        ; Off           ;
; Disable timing delays in Timing Simulation                                                 ; Off        ; Off           ;
; Generate Signal Activity File                                                              ; Off        ; Off           ;
; Generate VCD File for PowerPlay Power Analyzer                                             ; Off        ; Off           ;
; Group bus channels in simulation results                                                   ; Off        ; Off           ;
; Preserve fewer signal transitions to reduce memory requirements                            ; On         ; On            ;
; Trigger vector comparison with the specified mode                                          ; INPUT_EDGE ; INPUT_EDGE    ;
; Disable setup and hold time violations detection in input registers of bi-directional pins ; Off        ; Off           ;
; Overwrite Waveform Inputs With Simulation Outputs                                          ; On         ;               ;
; Perform Glitch Filtering in Timing Simulation                                              ; Auto       ; Auto          ;
+--------------------------------------------------------------------------------------------+------------+---------------+


+----------------------+
; Simulation Waveforms ;
+----------------------+
Waveform report data cannot be output to ASCII.
Please use Quartus II to view the waveform report data.


+--------------------------------------------------------------------+
; Coverage Summary                                                   ;
+-----------------------------------------------------+--------------+
; Type                                                ; Value        ;
+-----------------------------------------------------+--------------+
; Total coverage as a percentage                      ;      18.87 % ;
; Total nodes checked                                 ; 62           ;
; Total output ports checked                          ; 53           ;
; Total output ports with complete 1/0-value coverage ; 10           ;
; Total output ports with no 1/0-value coverage       ; 40           ;
; Total output ports with no 1-value coverage         ; 40           ;
; Total output ports with no 0-value coverage         ; 43           ;
+-----------------------------------------------------+--------------+


The following table displays output ports that toggle between 1 and 0 during simulation.
+----------------------------------------------------------------------------------------------+
; Complete 1/0-Value Coverage                                                                  ;
+-------------------------------------+-------------------------------------+------------------+
; Node Name                           ; Output Port Name                    ; Output Port Type ;
+-------------------------------------+-------------------------------------+------------------+
; |porta_entrada_saida|Equal0~0       ; |porta_entrada_saida|Equal0~0       ; combout          ;
; |porta_entrada_saida|process_0~0    ; |porta_entrada_saida|process_0~0    ; combout          ;
; |porta_entrada_saida|process_0~1    ; |porta_entrada_saida|process_0~1    ; combout          ;
; |porta_entrada_saida|rd_en          ; |porta_entrada_saida|rd_en~corein   ; combout          ;
; |porta_entrada_saida|abus[0]        ; |porta_entrada_saida|abus[0]~corein ; combout          ;
; |porta_entrada_saida|abus[1]        ; |porta_entrada_saida|abus[1]~corein ; combout          ;
; |porta_entrada_saida|abus[2]        ; |porta_entrada_saida|abus[2]~corein ; combout          ;
; |porta_entrada_saida|clk_in         ; |porta_entrada_saida|clk_in~corein  ; combout          ;
; |porta_entrada_saida|wr_en          ; |porta_entrada_saida|wr_en~corein   ; combout          ;
; |porta_entrada_saida|clk_in~clkctrl ; |porta_entrada_saida|clk_in~clkctrl ; outclk           ;
+-------------------------------------+-------------------------------------+------------------+


The following table displays output ports that do not toggle to 1 during simulation.
+------------------------------------------------------------------------------------------------------+
; Missing 1-Value Coverage                                                                             ;
+-----------------------------------------+-----------------------------------------+------------------+
; Node Name                               ; Output Port Name                        ; Output Port Type ;
+-----------------------------------------+-----------------------------------------+------------------+
; |porta_entrada_saida|port_reg[0]        ; |porta_entrada_saida|port_reg[0]        ; regout           ;
; |porta_entrada_saida|port_reg[1]        ; |porta_entrada_saida|port_reg[1]        ; regout           ;
; |porta_entrada_saida|port_reg[2]        ; |porta_entrada_saida|port_reg[2]        ; regout           ;
; |porta_entrada_saida|port_reg[3]        ; |porta_entrada_saida|port_reg[3]        ; regout           ;
; |porta_entrada_saida|port_reg[4]        ; |porta_entrada_saida|port_reg[4]        ; regout           ;
; |porta_entrada_saida|port_reg[5]        ; |porta_entrada_saida|port_reg[5]        ; regout           ;
; |porta_entrada_saida|port_reg[6]        ; |porta_entrada_saida|port_reg[6]        ; regout           ;
; |porta_entrada_saida|port_reg[7]        ; |porta_entrada_saida|port_reg[7]        ; regout           ;
; |porta_entrada_saida|Equal0~1           ; |porta_entrada_saida|Equal0~1           ; combout          ;
; |porta_entrada_saida|dbus[0]            ; |porta_entrada_saida|dbus[0]~0          ; combout          ;
; |porta_entrada_saida|dbus[0]            ; |porta_entrada_saida|dbus[0]~output     ; padio            ;
; |porta_entrada_saida|dbus[1]            ; |porta_entrada_saida|dbus[1]~1          ; combout          ;
; |porta_entrada_saida|dbus[1]            ; |porta_entrada_saida|dbus[1]~output     ; padio            ;
; |porta_entrada_saida|dbus[2]            ; |porta_entrada_saida|dbus[2]~2          ; combout          ;
; |porta_entrada_saida|dbus[2]            ; |porta_entrada_saida|dbus[2]~output     ; padio            ;
; |porta_entrada_saida|dbus[3]            ; |porta_entrada_saida|dbus[3]~3          ; combout          ;
; |porta_entrada_saida|dbus[3]            ; |porta_entrada_saida|dbus[3]~output     ; padio            ;
; |porta_entrada_saida|dbus[4]            ; |porta_entrada_saida|dbus[4]~4          ; combout          ;
; |porta_entrada_saida|dbus[4]            ; |porta_entrada_saida|dbus[4]~output     ; padio            ;
; |porta_entrada_saida|dbus[5]            ; |porta_entrada_saida|dbus[5]~5          ; combout          ;
; |porta_entrada_saida|dbus[5]            ; |porta_entrada_saida|dbus[5]~output     ; padio            ;
; |porta_entrada_saida|dbus[6]            ; |porta_entrada_saida|dbus[6]~6          ; combout          ;
; |porta_entrada_saida|dbus[6]            ; |porta_entrada_saida|dbus[6]~output     ; padio            ;
; |porta_entrada_saida|dbus[7]            ; |porta_entrada_saida|dbus[7]~7          ; combout          ;
; |porta_entrada_saida|dbus[7]            ; |porta_entrada_saida|dbus[7]~output     ; padio            ;
; |porta_entrada_saida|port_io[0]         ; |porta_entrada_saida|port_io[0]~output  ; padio            ;
; |porta_entrada_saida|port_io[1]         ; |porta_entrada_saida|port_io[1]~output  ; padio            ;
; |porta_entrada_saida|port_io[2]         ; |porta_entrada_saida|port_io[2]~output  ; padio            ;
; |porta_entrada_saida|port_io[3]         ; |porta_entrada_saida|port_io[3]~output  ; padio            ;
; |porta_entrada_saida|port_io[4]         ; |porta_entrada_saida|port_io[4]~output  ; padio            ;
; |porta_entrada_saida|port_io[5]         ; |porta_entrada_saida|port_io[5]~output  ; padio            ;
; |porta_entrada_saida|port_io[6]         ; |porta_entrada_saida|port_io[6]~output  ; padio            ;
; |porta_entrada_saida|port_io[7]         ; |porta_entrada_saida|port_io[7]~output  ; padio            ;
; |porta_entrada_saida|abus[4]            ; |porta_entrada_saida|abus[4]~corein     ; combout          ;
; |porta_entrada_saida|abus[5]            ; |porta_entrada_saida|abus[5]~corein     ; combout          ;
; |porta_entrada_saida|abus[6]            ; |porta_entrada_saida|abus[6]~corein     ; combout          ;
; |porta_entrada_saida|abus[7]            ; |porta_entrada_saida|abus[7]~corein     ; combout          ;
; |porta_entrada_saida|abus[8]            ; |porta_entrada_saida|abus[8]~corein     ; combout          ;
; |porta_entrada_saida|port_reg[0]~feeder ; |porta_entrada_saida|port_reg[0]~feeder ; combout          ;
; |porta_entrada_saida|port_reg[2]~feeder ; |porta_entrada_saida|port_reg[2]~feeder ; combout          ;
+-----------------------------------------+-----------------------------------------+------------------+


The following table displays output ports that do not toggle to 0 during simulation.
+------------------------------------------------------------------------------------------------------+
; Missing 0-Value Coverage                                                                             ;
+-----------------------------------------+-----------------------------------------+------------------+
; Node Name                               ; Output Port Name                        ; Output Port Type ;
+-----------------------------------------+-----------------------------------------+------------------+
; |porta_entrada_saida|port_reg[0]        ; |porta_entrada_saida|port_reg[0]        ; regout           ;
; |porta_entrada_saida|port_reg[1]        ; |porta_entrada_saida|port_reg[1]        ; regout           ;
; |porta_entrada_saida|port_reg[2]        ; |porta_entrada_saida|port_reg[2]        ; regout           ;
; |porta_entrada_saida|port_reg[3]        ; |porta_entrada_saida|port_reg[3]        ; regout           ;
; |porta_entrada_saida|port_reg[4]        ; |porta_entrada_saida|port_reg[4]        ; regout           ;
; |porta_entrada_saida|port_reg[5]        ; |porta_entrada_saida|port_reg[5]        ; regout           ;
; |porta_entrada_saida|port_reg[6]        ; |porta_entrada_saida|port_reg[6]        ; regout           ;
; |porta_entrada_saida|port_reg[7]        ; |porta_entrada_saida|port_reg[7]        ; regout           ;
; |porta_entrada_saida|Equal0~1           ; |porta_entrada_saida|Equal0~1           ; combout          ;
; |porta_entrada_saida|dbus[0]            ; |porta_entrada_saida|dbus[0]~0          ; combout          ;
; |porta_entrada_saida|dbus[0]            ; |porta_entrada_saida|dbus[0]~output     ; padio            ;
; |porta_entrada_saida|dbus[1]            ; |porta_entrada_saida|dbus[1]~1          ; combout          ;
; |porta_entrada_saida|dbus[1]            ; |porta_entrada_saida|dbus[1]~output     ; padio            ;
; |porta_entrada_saida|dbus[2]            ; |porta_entrada_saida|dbus[2]~2          ; combout          ;
; |porta_entrada_saida|dbus[2]            ; |porta_entrada_saida|dbus[2]~output     ; padio            ;
; |porta_entrada_saida|dbus[3]            ; |porta_entrada_saida|dbus[3]~3          ; combout          ;
; |porta_entrada_saida|dbus[3]            ; |porta_entrada_saida|dbus[3]~output     ; padio            ;
; |porta_entrada_saida|dbus[4]            ; |porta_entrada_saida|dbus[4]~4          ; combout          ;
; |porta_entrada_saida|dbus[4]            ; |porta_entrada_saida|dbus[4]~output     ; padio            ;
; |porta_entrada_saida|dbus[5]            ; |porta_entrada_saida|dbus[5]~5          ; combout          ;
; |porta_entrada_saida|dbus[5]            ; |porta_entrada_saida|dbus[5]~output     ; padio            ;
; |porta_entrada_saida|dbus[6]            ; |porta_entrada_saida|dbus[6]~6          ; combout          ;
; |porta_entrada_saida|dbus[6]            ; |porta_entrada_saida|dbus[6]~output     ; padio            ;
; |porta_entrada_saida|dbus[7]            ; |porta_entrada_saida|dbus[7]~7          ; combout          ;
; |porta_entrada_saida|dbus[7]            ; |porta_entrada_saida|dbus[7]~output     ; padio            ;
; |porta_entrada_saida|port_io[0]         ; |porta_entrada_saida|port_io[0]~output  ; padio            ;
; |porta_entrada_saida|port_io[1]         ; |porta_entrada_saida|port_io[1]~output  ; padio            ;
; |porta_entrada_saida|port_io[2]         ; |porta_entrada_saida|port_io[2]~output  ; padio            ;
; |porta_entrada_saida|port_io[3]         ; |porta_entrada_saida|port_io[3]~output  ; padio            ;
; |porta_entrada_saida|port_io[4]         ; |porta_entrada_saida|port_io[4]~output  ; padio            ;
; |porta_entrada_saida|port_io[5]         ; |porta_entrada_saida|port_io[5]~output  ; padio            ;
; |porta_entrada_saida|port_io[6]         ; |porta_entrada_saida|port_io[6]~output  ; padio            ;
; |porta_entrada_saida|port_io[7]         ; |porta_entrada_saida|port_io[7]~output  ; padio            ;
; |porta_entrada_saida|abus[3]            ; |porta_entrada_saida|abus[3]~corein     ; combout          ;
; |porta_entrada_saida|abus[4]            ; |porta_entrada_saida|abus[4]~corein     ; combout          ;
; |porta_entrada_saida|abus[5]            ; |porta_entrada_saida|abus[5]~corein     ; combout          ;
; |porta_entrada_saida|abus[6]            ; |porta_entrada_saida|abus[6]~corein     ; combout          ;
; |porta_entrada_saida|abus[7]            ; |porta_entrada_saida|abus[7]~corein     ; combout          ;
; |porta_entrada_saida|abus[8]            ; |porta_entrada_saida|abus[8]~corein     ; combout          ;
; |porta_entrada_saida|nrst               ; |porta_entrada_saida|nrst~corein        ; combout          ;
; |porta_entrada_saida|nrst~clkctrl       ; |porta_entrada_saida|nrst~clkctrl       ; outclk           ;
; |porta_entrada_saida|port_reg[0]~feeder ; |porta_entrada_saida|port_reg[0]~feeder ; combout          ;
; |porta_entrada_saida|port_reg[2]~feeder ; |porta_entrada_saida|port_reg[2]~feeder ; combout          ;
+-----------------------------------------+-----------------------------------------+------------------+


+---------------------+
; Simulator INI Usage ;
+--------+------------+
; Option ; Usage      ;
+--------+------------+


+--------------------+
; Simulator Messages ;
+--------------------+
Info: *******************************************************************
Info: Running Quartus II Simulator
    Info: Version 9.1 Build 350 03/24/2010 Service Pack 2 SJ Web Edition
    Info: Processing started: Tue Nov 22 15:50:00 2022
Info: Command: quartus_sim --read_settings_files=on --write_settings_files=off porta_entrada_saida -c lado_registrador
Info: Using vector source file "C:/Users/Pedro/Documents/GitHub/Trabalho_Sistemas_Reconfiguraveis_ULA/porta_entrada_saida/lado_registrador.vwf"
Info: Overwriting simulation input file with simulation results
    Info: A backup of lado_registrador.vwf called lado_registrador.sim_ori.vwf has been created in the db folder
Info: Option to preserve fewer signal transitions to reduce memory requirements is enabled
    Info: Simulation has been partitioned into sub-simulations according to the maximum transition count determined by the engine. Transitions from memory will be flushed out to disk at the end of each sub-simulation to reduce memory requirements.
Warning: Found clock high time violation at 84.69 ns on register "|porta_entrada_saida|port_reg[0]"
Warning: Found clock high time violation at 84.69 ns on register "|porta_entrada_saida|port_reg[1]"
Warning: Found clock high time violation at 84.69 ns on register "|porta_entrada_saida|port_reg[2]"
Warning: Found clock high time violation at 84.69 ns on register "|porta_entrada_saida|port_reg[3]"
Warning: Found clock high time violation at 84.69 ns on register "|porta_entrada_saida|port_reg[4]"
Warning: Found clock high time violation at 84.69 ns on register "|porta_entrada_saida|port_reg[5]"
Warning: Found clock high time violation at 84.69 ns on register "|porta_entrada_saida|port_reg[6]"
Warning: Found clock high time violation at 84.69 ns on register "|porta_entrada_saida|port_reg[7]"
Warning: Found clock high time violation at 85.69 ns on register "|porta_entrada_saida|port_reg[0]"
Warning: Found clock high time violation at 85.69 ns on register "|porta_entrada_saida|port_reg[1]"
Warning: Found clock high time violation at 85.69 ns on register "|porta_entrada_saida|port_reg[2]"
Warning: Found clock high time violation at 85.69 ns on register "|porta_entrada_saida|port_reg[3]"
Warning: Found clock high time violation at 85.69 ns on register "|porta_entrada_saida|port_reg[4]"
Warning: Found clock high time violation at 85.69 ns on register "|porta_entrada_saida|port_reg[5]"
Warning: Found clock high time violation at 85.69 ns on register "|porta_entrada_saida|port_reg[6]"
Warning: Found clock high time violation at 85.69 ns on register "|porta_entrada_saida|port_reg[7]"
Warning: Found clock high time violation at 86.69 ns on register "|porta_entrada_saida|port_reg[0]"
Warning: Found clock high time violation at 86.69 ns on register "|porta_entrada_saida|port_reg[1]"
Warning: Found clock high time violation at 86.69 ns on register "|porta_entrada_saida|port_reg[2]"
Warning: Found clock high time violation at 86.69 ns on register "|porta_entrada_saida|port_reg[3]"
Warning: Found clock high time violation at 86.69 ns on register "|porta_entrada_saida|port_reg[4]"
Warning: Found clock high time violation at 86.69 ns on register "|porta_entrada_saida|port_reg[5]"
Warning: Found clock high time violation at 86.69 ns on register "|porta_entrada_saida|port_reg[6]"
Warning: Found clock high time violation at 86.69 ns on register "|porta_entrada_saida|port_reg[7]"
Warning: Found clock high time violation at 107.69 ns on register "|porta_entrada_saida|port_reg[0]"
Warning: Found clock high time violation at 107.69 ns on register "|porta_entrada_saida|port_reg[1]"
Warning: Found clock high time violation at 107.69 ns on register "|porta_entrada_saida|port_reg[2]"
Warning: Found clock high time violation at 107.69 ns on register "|porta_entrada_saida|port_reg[3]"
Warning: Found clock high time violation at 107.69 ns on register "|porta_entrada_saida|port_reg[4]"
Warning: Found clock high time violation at 107.69 ns on register "|porta_entrada_saida|port_reg[5]"
Warning: Found clock high time violation at 107.69 ns on register "|porta_entrada_saida|port_reg[6]"
Warning: Found clock high time violation at 107.69 ns on register "|porta_entrada_saida|port_reg[7]"
Warning: Found clock high time violation at 108.69 ns on register "|porta_entrada_saida|port_reg[0]"
Warning: Found clock high time violation at 108.69 ns on register "|porta_entrada_saida|port_reg[1]"
Warning: Found clock high time violation at 108.69 ns on register "|porta_entrada_saida|port_reg[2]"
Warning: Found clock high time violation at 108.69 ns on register "|porta_entrada_saida|port_reg[3]"
Warning: Found clock high time violation at 108.69 ns on register "|porta_entrada_saida|port_reg[4]"
Warning: Found clock high time violation at 108.69 ns on register "|porta_entrada_saida|port_reg[5]"
Warning: Found clock high time violation at 108.69 ns on register "|porta_entrada_saida|port_reg[6]"
Warning: Found clock high time violation at 108.69 ns on register "|porta_entrada_saida|port_reg[7]"
Warning: Found clock high time violation at 109.69 ns on register "|porta_entrada_saida|port_reg[0]"
Warning: Found clock high time violation at 109.69 ns on register "|porta_entrada_saida|port_reg[1]"
Warning: Found clock high time violation at 109.69 ns on register "|porta_entrada_saida|port_reg[2]"
Warning: Found clock high time violation at 109.69 ns on register "|porta_entrada_saida|port_reg[3]"
Warning: Found clock high time violation at 109.69 ns on register "|porta_entrada_saida|port_reg[4]"
Warning: Found clock high time violation at 109.69 ns on register "|porta_entrada_saida|port_reg[5]"
Warning: Found clock high time violation at 109.69 ns on register "|porta_entrada_saida|port_reg[6]"
Warning: Found clock high time violation at 109.69 ns on register "|porta_entrada_saida|port_reg[7]"
Warning: Found clock high time violation at 110.69 ns on register "|porta_entrada_saida|port_reg[0]"
Warning: Found clock high time violation at 110.69 ns on register "|porta_entrada_saida|port_reg[1]"
Warning: Found clock high time violation at 110.69 ns on register "|porta_entrada_saida|port_reg[2]"
Warning: Found clock high time violation at 110.69 ns on register "|porta_entrada_saida|port_reg[3]"
Warning: Found clock high time violation at 110.69 ns on register "|porta_entrada_saida|port_reg[4]"
Warning: Found clock high time violation at 110.69 ns on register "|porta_entrada_saida|port_reg[5]"
Warning: Found clock high time violation at 110.69 ns on register "|porta_entrada_saida|port_reg[6]"
Warning: Found clock high time violation at 110.69 ns on register "|porta_entrada_saida|port_reg[7]"
Warning: Found clock high time violation at 111.69 ns on register "|porta_entrada_saida|port_reg[0]"
Warning: Found clock high time violation at 111.69 ns on register "|porta_entrada_saida|port_reg[1]"
Warning: Found clock high time violation at 111.69 ns on register "|porta_entrada_saida|port_reg[2]"
Warning: Found clock high time violation at 111.69 ns on register "|porta_entrada_saida|port_reg[3]"
Warning: Found clock high time violation at 111.69 ns on register "|porta_entrada_saida|port_reg[4]"
Warning: Found clock high time violation at 111.69 ns on register "|porta_entrada_saida|port_reg[5]"
Warning: Found clock high time violation at 111.69 ns on register "|porta_entrada_saida|port_reg[6]"
Warning: Found clock high time violation at 111.69 ns on register "|porta_entrada_saida|port_reg[7]"
Warning: Found clock high time violation at 112.69 ns on register "|porta_entrada_saida|port_reg[0]"
Warning: Found clock high time violation at 112.69 ns on register "|porta_entrada_saida|port_reg[1]"
Warning: Found clock high time violation at 112.69 ns on register "|porta_entrada_saida|port_reg[2]"
Warning: Found clock high time violation at 112.69 ns on register "|porta_entrada_saida|port_reg[3]"
Warning: Found clock high time violation at 112.69 ns on register "|porta_entrada_saida|port_reg[4]"
Warning: Found clock high time violation at 112.69 ns on register "|porta_entrada_saida|port_reg[5]"
Warning: Found clock high time violation at 112.69 ns on register "|porta_entrada_saida|port_reg[6]"
Warning: Found clock high time violation at 112.69 ns on register "|porta_entrada_saida|port_reg[7]"
Warning: Found clock high time violation at 113.69 ns on register "|porta_entrada_saida|port_reg[0]"
Warning: Found clock high time violation at 113.69 ns on register "|porta_entrada_saida|port_reg[1]"
Warning: Found clock high time violation at 113.69 ns on register "|porta_entrada_saida|port_reg[2]"
Warning: Found clock high time violation at 113.69 ns on register "|porta_entrada_saida|port_reg[3]"
Warning: Found clock high time violation at 113.69 ns on register "|porta_entrada_saida|port_reg[4]"
Warning: Found clock high time violation at 113.69 ns on register "|porta_entrada_saida|port_reg[5]"
Warning: Found clock high time violation at 113.69 ns on register "|porta_entrada_saida|port_reg[6]"
Warning: Found clock high time violation at 113.69 ns on register "|porta_entrada_saida|port_reg[7]"
Warning: Found clock high time violation at 114.69 ns on register "|porta_entrada_saida|port_reg[0]"
Warning: Found clock high time violation at 114.69 ns on register "|porta_entrada_saida|port_reg[1]"
Warning: Found clock high time violation at 114.69 ns on register "|porta_entrada_saida|port_reg[2]"
Warning: Found clock high time violation at 114.69 ns on register "|porta_entrada_saida|port_reg[3]"
Warning: Found clock high time violation at 114.69 ns on register "|porta_entrada_saida|port_reg[4]"
Warning: Found clock high time violation at 114.69 ns on register "|porta_entrada_saida|port_reg[5]"
Warning: Found clock high time violation at 114.69 ns on register "|porta_entrada_saida|port_reg[6]"
Warning: Found clock high time violation at 114.69 ns on register "|porta_entrada_saida|port_reg[7]"
Warning: Found clock high time violation at 115.69 ns on register "|porta_entrada_saida|port_reg[0]"
Warning: Found clock high time violation at 115.69 ns on register "|porta_entrada_saida|port_reg[1]"
Warning: Found clock high time violation at 115.69 ns on register "|porta_entrada_saida|port_reg[2]"
Warning: Found clock high time violation at 115.69 ns on register "|porta_entrada_saida|port_reg[3]"
Warning: Found clock high time violation at 115.69 ns on register "|porta_entrada_saida|port_reg[4]"
Warning: Found clock high time violation at 115.69 ns on register "|porta_entrada_saida|port_reg[5]"
Warning: Found clock high time violation at 115.69 ns on register "|porta_entrada_saida|port_reg[6]"
Warning: Found clock high time violation at 115.69 ns on register "|porta_entrada_saida|port_reg[7]"
Warning: Found clock high time violation at 116.69 ns on register "|porta_entrada_saida|port_reg[0]"
Warning: Found clock high time violation at 116.69 ns on register "|porta_entrada_saida|port_reg[1]"
Warning: Found clock high time violation at 116.69 ns on register "|porta_entrada_saida|port_reg[2]"
Warning: Found clock high time violation at 116.69 ns on register "|porta_entrada_saida|port_reg[3]"
Warning: Found clock high time violation at 116.69 ns on register "|porta_entrada_saida|port_reg[4]"
Warning: Found clock high time violation at 116.69 ns on register "|porta_entrada_saida|port_reg[5]"
Warning: Found clock high time violation at 116.69 ns on register "|porta_entrada_saida|port_reg[6]"
Warning: Found clock high time violation at 116.69 ns on register "|porta_entrada_saida|port_reg[7]"
Warning: Found clock high time violation at 117.69 ns on register "|porta_entrada_saida|port_reg[0]"
Warning: Found clock high time violation at 117.69 ns on register "|porta_entrada_saida|port_reg[1]"
Warning: Found clock high time violation at 117.69 ns on register "|porta_entrada_saida|port_reg[2]"
Warning: Found clock high time violation at 117.69 ns on register "|porta_entrada_saida|port_reg[3]"
Warning: Found clock high time violation at 117.69 ns on register "|porta_entrada_saida|port_reg[4]"
Warning: Found clock high time violation at 117.69 ns on register "|porta_entrada_saida|port_reg[5]"
Warning: Found clock high time violation at 117.69 ns on register "|porta_entrada_saida|port_reg[6]"
Warning: Found clock high time violation at 117.69 ns on register "|porta_entrada_saida|port_reg[7]"
Warning: Found clock high time violation at 118.69 ns on register "|porta_entrada_saida|port_reg[0]"
Warning: Found clock high time violation at 118.69 ns on register "|porta_entrada_saida|port_reg[1]"
Warning: Found clock high time violation at 118.69 ns on register "|porta_entrada_saida|port_reg[2]"
Warning: Found clock high time violation at 118.69 ns on register "|porta_entrada_saida|port_reg[3]"
Warning: Found clock high time violation at 118.69 ns on register "|porta_entrada_saida|port_reg[4]"
Warning: Found clock high time violation at 118.69 ns on register "|porta_entrada_saida|port_reg[5]"
Warning: Found clock high time violation at 118.69 ns on register "|porta_entrada_saida|port_reg[6]"
Warning: Found clock high time violation at 118.69 ns on register "|porta_entrada_saida|port_reg[7]"
Warning: Found clock high time violation at 119.69 ns on register "|porta_entrada_saida|port_reg[0]"
Warning: Found clock high time violation at 119.69 ns on register "|porta_entrada_saida|port_reg[1]"
Warning: Found clock high time violation at 119.69 ns on register "|porta_entrada_saida|port_reg[2]"
Warning: Found clock high time violation at 119.69 ns on register "|porta_entrada_saida|port_reg[3]"
Warning: Found clock high time violation at 119.69 ns on register "|porta_entrada_saida|port_reg[4]"
Warning: Found clock high time violation at 119.69 ns on register "|porta_entrada_saida|port_reg[5]"
Warning: Found clock high time violation at 119.69 ns on register "|porta_entrada_saida|port_reg[6]"
Warning: Found clock high time violation at 119.69 ns on register "|porta_entrada_saida|port_reg[7]"
Warning: Found clock high time violation at 120.69 ns on register "|porta_entrada_saida|port_reg[0]"
Warning: Found clock high time violation at 120.69 ns on register "|porta_entrada_saida|port_reg[1]"
Warning: Found clock high time violation at 120.69 ns on register "|porta_entrada_saida|port_reg[2]"
Warning: Found clock high time violation at 120.69 ns on register "|porta_entrada_saida|port_reg[3]"
Warning: Found clock high time violation at 120.69 ns on register "|porta_entrada_saida|port_reg[4]"
Warning: Found clock high time violation at 120.69 ns on register "|porta_entrada_saida|port_reg[5]"
Warning: Found clock high time violation at 120.69 ns on register "|porta_entrada_saida|port_reg[6]"
Warning: Found clock high time violation at 120.69 ns on register "|porta_entrada_saida|port_reg[7]"
Warning: Found clock high time violation at 121.69 ns on register "|porta_entrada_saida|port_reg[0]"
Warning: Found clock high time violation at 121.69 ns on register "|porta_entrada_saida|port_reg[1]"
Warning: Found clock high time violation at 121.69 ns on register "|porta_entrada_saida|port_reg[2]"
Warning: Found clock high time violation at 121.69 ns on register "|porta_entrada_saida|port_reg[3]"
Warning: Found clock high time violation at 121.69 ns on register "|porta_entrada_saida|port_reg[4]"
Warning: Found clock high time violation at 121.69 ns on register "|porta_entrada_saida|port_reg[5]"
Warning: Found clock high time violation at 121.69 ns on register "|porta_entrada_saida|port_reg[6]"
Warning: Found clock high time violation at 121.69 ns on register "|porta_entrada_saida|port_reg[7]"
Warning: Found clock high time violation at 122.69 ns on register "|porta_entrada_saida|port_reg[0]"
Warning: Found clock high time violation at 122.69 ns on register "|porta_entrada_saida|port_reg[1]"
Warning: Found clock high time violation at 122.69 ns on register "|porta_entrada_saida|port_reg[2]"
Warning: Found clock high time violation at 122.69 ns on register "|porta_entrada_saida|port_reg[3]"
Warning: Found clock high time violation at 122.69 ns on register "|porta_entrada_saida|port_reg[4]"
Warning: Found clock high time violation at 122.69 ns on register "|porta_entrada_saida|port_reg[5]"
Warning: Found clock high time violation at 122.69 ns on register "|porta_entrada_saida|port_reg[6]"
Warning: Found clock high time violation at 122.69 ns on register "|porta_entrada_saida|port_reg[7]"
Warning: Found clock high time violation at 123.69 ns on register "|porta_entrada_saida|port_reg[0]"
Warning: Found clock high time violation at 123.69 ns on register "|porta_entrada_saida|port_reg[1]"
Warning: Found clock high time violation at 123.69 ns on register "|porta_entrada_saida|port_reg[2]"
Warning: Found clock high time violation at 123.69 ns on register "|porta_entrada_saida|port_reg[3]"
Warning: Found clock high time violation at 123.69 ns on register "|porta_entrada_saida|port_reg[4]"
Warning: Found clock high time violation at 123.69 ns on register "|porta_entrada_saida|port_reg[5]"
Warning: Found clock high time violation at 123.69 ns on register "|porta_entrada_saida|port_reg[6]"
Warning: Found clock high time violation at 123.69 ns on register "|porta_entrada_saida|port_reg[7]"
Warning: Found clock high time violation at 124.69 ns on register "|porta_entrada_saida|port_reg[0]"
Warning: Found clock high time violation at 124.69 ns on register "|porta_entrada_saida|port_reg[1]"
Warning: Found clock high time violation at 124.69 ns on register "|porta_entrada_saida|port_reg[2]"
Warning: Found clock high time violation at 124.69 ns on register "|porta_entrada_saida|port_reg[3]"
Warning: Found clock high time violation at 124.69 ns on register "|porta_entrada_saida|port_reg[4]"
Warning: Found clock high time violation at 124.69 ns on register "|porta_entrada_saida|port_reg[5]"
Warning: Found clock high time violation at 124.69 ns on register "|porta_entrada_saida|port_reg[6]"
Warning: Found clock high time violation at 124.69 ns on register "|porta_entrada_saida|port_reg[7]"
Warning: Found clock high time violation at 125.69 ns on register "|porta_entrada_saida|port_reg[0]"
Warning: Found clock high time violation at 125.69 ns on register "|porta_entrada_saida|port_reg[1]"
Warning: Found clock high time violation at 125.69 ns on register "|porta_entrada_saida|port_reg[2]"
Warning: Found clock high time violation at 125.69 ns on register "|porta_entrada_saida|port_reg[3]"
Warning: Found clock high time violation at 125.69 ns on register "|porta_entrada_saida|port_reg[4]"
Warning: Found clock high time violation at 125.69 ns on register "|porta_entrada_saida|port_reg[5]"
Warning: Found clock high time violation at 125.69 ns on register "|porta_entrada_saida|port_reg[6]"
Warning: Found clock high time violation at 125.69 ns on register "|porta_entrada_saida|port_reg[7]"
Warning: Found clock high time violation at 126.69 ns on register "|porta_entrada_saida|port_reg[0]"
Warning: Found clock high time violation at 126.69 ns on register "|porta_entrada_saida|port_reg[1]"
Warning: Found clock high time violation at 126.69 ns on register "|porta_entrada_saida|port_reg[2]"
Warning: Found clock high time violation at 126.69 ns on register "|porta_entrada_saida|port_reg[3]"
Warning: Found clock high time violation at 126.69 ns on register "|porta_entrada_saida|port_reg[4]"
Warning: Found clock high time violation at 126.69 ns on register "|porta_entrada_saida|port_reg[5]"
Warning: Found clock high time violation at 126.69 ns on register "|porta_entrada_saida|port_reg[6]"
Warning: Found clock high time violation at 126.69 ns on register "|porta_entrada_saida|port_reg[7]"
Warning: Found clock high time violation at 147.69 ns on register "|porta_entrada_saida|port_reg[0]"
Warning: Found clock high time violation at 147.69 ns on register "|porta_entrada_saida|port_reg[1]"
Warning: Found clock high time violation at 147.69 ns on register "|porta_entrada_saida|port_reg[2]"
Warning: Found clock high time violation at 147.69 ns on register "|porta_entrada_saida|port_reg[3]"
Warning: Found clock high time violation at 147.69 ns on register "|porta_entrada_saida|port_reg[4]"
Warning: Found clock high time violation at 147.69 ns on register "|porta_entrada_saida|port_reg[5]"
Warning: Found clock high time violation at 147.69 ns on register "|porta_entrada_saida|port_reg[6]"
Warning: Found clock high time violation at 147.69 ns on register "|porta_entrada_saida|port_reg[7]"
Warning: Found clock high time violation at 148.69 ns on register "|porta_entrada_saida|port_reg[0]"
Warning: Found clock high time violation at 148.69 ns on register "|porta_entrada_saida|port_reg[1]"
Warning: Found clock high time violation at 148.69 ns on register "|porta_entrada_saida|port_reg[2]"
Warning: Found clock high time violation at 148.69 ns on register "|porta_entrada_saida|port_reg[3]"
Warning: Found clock high time violation at 148.69 ns on register "|porta_entrada_saida|port_reg[4]"
Warning: Found clock high time violation at 148.69 ns on register "|porta_entrada_saida|port_reg[5]"
Warning: Found clock high time violation at 148.69 ns on register "|porta_entrada_saida|port_reg[6]"
Warning: Found clock high time violation at 148.69 ns on register "|porta_entrada_saida|port_reg[7]"
Warning: Found clock high time violation at 149.69 ns on register "|porta_entrada_saida|port_reg[0]"
Warning: Found clock high time violation at 149.69 ns on register "|porta_entrada_saida|port_reg[1]"
Warning: Found clock high time violation at 149.69 ns on register "|porta_entrada_saida|port_reg[2]"
Warning: Found clock high time violation at 149.69 ns on register "|porta_entrada_saida|port_reg[3]"
Warning: Found clock high time violation at 149.69 ns on register "|porta_entrada_saida|port_reg[4]"
Warning: Found clock high time violation at 149.69 ns on register "|porta_entrada_saida|port_reg[5]"
Warning: Found clock high time violation at 149.69 ns on register "|porta_entrada_saida|port_reg[6]"
Warning: Found clock high time violation at 149.69 ns on register "|porta_entrada_saida|port_reg[7]"
Warning: Found clock high time violation at 150.69 ns on register "|porta_entrada_saida|port_reg[0]"
Warning: Found clock high time violation at 150.69 ns on register "|porta_entrada_saida|port_reg[1]"
Warning: Found clock high time violation at 150.69 ns on register "|porta_entrada_saida|port_reg[2]"
Warning: Found clock high time violation at 150.69 ns on register "|porta_entrada_saida|port_reg[3]"
Warning: Found clock high time violation at 150.69 ns on register "|porta_entrada_saida|port_reg[4]"
Warning: Found clock high time violation at 150.69 ns on register "|porta_entrada_saida|port_reg[5]"
Warning: Found clock high time violation at 150.69 ns on register "|porta_entrada_saida|port_reg[6]"
Warning: Found clock high time violation at 150.69 ns on register "|porta_entrada_saida|port_reg[7]"
Warning: Found clock high time violation at 151.69 ns on register "|porta_entrada_saida|port_reg[0]"
Warning: Found clock high time violation at 151.69 ns on register "|porta_entrada_saida|port_reg[1]"
Warning: Found clock high time violation at 151.69 ns on register "|porta_entrada_saida|port_reg[2]"
Warning: Found clock high time violation at 151.69 ns on register "|porta_entrada_saida|port_reg[3]"
Warning: Found clock high time violation at 151.69 ns on register "|porta_entrada_saida|port_reg[4]"
Warning: Found clock high time violation at 151.69 ns on register "|porta_entrada_saida|port_reg[5]"
Warning: Found clock high time violation at 151.69 ns on register "|porta_entrada_saida|port_reg[6]"
Warning: Found clock high time violation at 151.69 ns on register "|porta_entrada_saida|port_reg[7]"
Warning: Found clock high time violation at 152.69 ns on register "|porta_entrada_saida|port_reg[0]"
Warning: Found clock high time violation at 152.69 ns on register "|porta_entrada_saida|port_reg[1]"
Warning: Found clock high time violation at 152.69 ns on register "|porta_entrada_saida|port_reg[2]"
Warning: Found clock high time violation at 152.69 ns on register "|porta_entrada_saida|port_reg[3]"
Warning: Found clock high time violation at 152.69 ns on register "|porta_entrada_saida|port_reg[4]"
Warning: Found clock high time violation at 152.69 ns on register "|porta_entrada_saida|port_reg[5]"
Warning: Found clock high time violation at 152.69 ns on register "|porta_entrada_saida|port_reg[6]"
Warning: Found clock high time violation at 152.69 ns on register "|porta_entrada_saida|port_reg[7]"
Warning: Found clock high time violation at 153.69 ns on register "|porta_entrada_saida|port_reg[0]"
Warning: Found clock high time violation at 153.69 ns on register "|porta_entrada_saida|port_reg[1]"
Warning: Found clock high time violation at 153.69 ns on register "|porta_entrada_saida|port_reg[2]"
Warning: Found clock high time violation at 153.69 ns on register "|porta_entrada_saida|port_reg[3]"
Warning: Found clock high time violation at 153.69 ns on register "|porta_entrada_saida|port_reg[4]"
Warning: Found clock high time violation at 153.69 ns on register "|porta_entrada_saida|port_reg[5]"
Warning: Found clock high time violation at 153.69 ns on register "|porta_entrada_saida|port_reg[6]"
Warning: Found clock high time violation at 153.69 ns on register "|porta_entrada_saida|port_reg[7]"
Warning: Found clock high time violation at 154.69 ns on register "|porta_entrada_saida|port_reg[0]"
Warning: Found clock high time violation at 154.69 ns on register "|porta_entrada_saida|port_reg[1]"
Warning: Found clock high time violation at 154.69 ns on register "|porta_entrada_saida|port_reg[2]"
Warning: Found clock high time violation at 154.69 ns on register "|porta_entrada_saida|port_reg[3]"
Warning: Found clock high time violation at 154.69 ns on register "|porta_entrada_saida|port_reg[4]"
Warning: Found clock high time violation at 154.69 ns on register "|porta_entrada_saida|port_reg[5]"
Warning: Found clock high time violation at 154.69 ns on register "|porta_entrada_saida|port_reg[6]"
Warning: Found clock high time violation at 154.69 ns on register "|porta_entrada_saida|port_reg[7]"
Warning: Found clock high time violation at 155.69 ns on register "|porta_entrada_saida|port_reg[0]"
Warning: Found clock high time violation at 155.69 ns on register "|porta_entrada_saida|port_reg[1]"
Warning: Found clock high time violation at 155.69 ns on register "|porta_entrada_saida|port_reg[2]"
Warning: Found clock high time violation at 155.69 ns on register "|porta_entrada_saida|port_reg[3]"
Warning: Found clock high time violation at 155.69 ns on register "|porta_entrada_saida|port_reg[4]"
Warning: Found clock high time violation at 155.69 ns on register "|porta_entrada_saida|port_reg[5]"
Warning: Found clock high time violation at 155.69 ns on register "|porta_entrada_saida|port_reg[6]"
Warning: Found clock high time violation at 155.69 ns on register "|porta_entrada_saida|port_reg[7]"
Warning: Found clock high time violation at 156.69 ns on register "|porta_entrada_saida|port_reg[0]"
Warning: Found clock high time violation at 156.69 ns on register "|porta_entrada_saida|port_reg[1]"
Warning: Found clock high time violation at 156.69 ns on register "|porta_entrada_saida|port_reg[2]"
Warning: Found clock high time violation at 156.69 ns on register "|porta_entrada_saida|port_reg[3]"
Warning: Found clock high time violation at 156.69 ns on register "|porta_entrada_saida|port_reg[4]"
Warning: Found clock high time violation at 156.69 ns on register "|porta_entrada_saida|port_reg[5]"
Warning: Found clock high time violation at 156.69 ns on register "|porta_entrada_saida|port_reg[6]"
Warning: Found clock high time violation at 156.69 ns on register "|porta_entrada_saida|port_reg[7]"
Warning: Found clock high time violation at 157.69 ns on register "|porta_entrada_saida|port_reg[0]"
Warning: Found clock high time violation at 157.69 ns on register "|porta_entrada_saida|port_reg[1]"
Warning: Found clock high time violation at 157.69 ns on register "|porta_entrada_saida|port_reg[2]"
Warning: Found clock high time violation at 157.69 ns on register "|porta_entrada_saida|port_reg[3]"
Warning: Found clock high time violation at 157.69 ns on register "|porta_entrada_saida|port_reg[4]"
Warning: Found clock high time violation at 157.69 ns on register "|porta_entrada_saida|port_reg[5]"
Warning: Found clock high time violation at 157.69 ns on register "|porta_entrada_saida|port_reg[6]"
Warning: Found clock high time violation at 157.69 ns on register "|porta_entrada_saida|port_reg[7]"
Warning: Found clock high time violation at 158.69 ns on register "|porta_entrada_saida|port_reg[0]"
Warning: Found clock high time violation at 158.69 ns on register "|porta_entrada_saida|port_reg[1]"
Warning: Found clock high time violation at 158.69 ns on register "|porta_entrada_saida|port_reg[2]"
Warning: Found clock high time violation at 158.69 ns on register "|porta_entrada_saida|port_reg[3]"
Warning: Found clock high time violation at 158.69 ns on register "|porta_entrada_saida|port_reg[4]"
Warning: Found clock high time violation at 158.69 ns on register "|porta_entrada_saida|port_reg[5]"
Warning: Found clock high time violation at 158.69 ns on register "|porta_entrada_saida|port_reg[6]"
Warning: Found clock high time violation at 158.69 ns on register "|porta_entrada_saida|port_reg[7]"
Warning: Found clock high time violation at 159.69 ns on register "|porta_entrada_saida|port_reg[0]"
Warning: Found clock high time violation at 159.69 ns on register "|porta_entrada_saida|port_reg[1]"
Warning: Found clock high time violation at 159.69 ns on register "|porta_entrada_saida|port_reg[2]"
Warning: Found clock high time violation at 159.69 ns on register "|porta_entrada_saida|port_reg[3]"
Warning: Found clock high time violation at 159.69 ns on register "|porta_entrada_saida|port_reg[4]"
Warning: Found clock high time violation at 159.69 ns on register "|porta_entrada_saida|port_reg[5]"
Warning: Found clock high time violation at 159.69 ns on register "|porta_entrada_saida|port_reg[6]"
Warning: Found clock high time violation at 159.69 ns on register "|porta_entrada_saida|port_reg[7]"
Warning: Found clock high time violation at 160.69 ns on register "|porta_entrada_saida|port_reg[0]"
Warning: Found clock high time violation at 160.69 ns on register "|porta_entrada_saida|port_reg[1]"
Warning: Found clock high time violation at 160.69 ns on register "|porta_entrada_saida|port_reg[2]"
Warning: Found clock high time violation at 160.69 ns on register "|porta_entrada_saida|port_reg[3]"
Warning: Found clock high time violation at 160.69 ns on register "|porta_entrada_saida|port_reg[4]"
Warning: Found clock high time violation at 160.69 ns on register "|porta_entrada_saida|port_reg[5]"
Warning: Found clock high time violation at 160.69 ns on register "|porta_entrada_saida|port_reg[6]"
Warning: Found clock high time violation at 160.69 ns on register "|porta_entrada_saida|port_reg[7]"
Warning: Found clock high time violation at 161.69 ns on register "|porta_entrada_saida|port_reg[0]"
Warning: Found clock high time violation at 161.69 ns on register "|porta_entrada_saida|port_reg[1]"
Warning: Found clock high time violation at 161.69 ns on register "|porta_entrada_saida|port_reg[2]"
Warning: Found clock high time violation at 161.69 ns on register "|porta_entrada_saida|port_reg[3]"
Warning: Found clock high time violation at 161.69 ns on register "|porta_entrada_saida|port_reg[4]"
Warning: Found clock high time violation at 161.69 ns on register "|porta_entrada_saida|port_reg[5]"
Warning: Found clock high time violation at 161.69 ns on register "|porta_entrada_saida|port_reg[6]"
Warning: Found clock high time violation at 161.69 ns on register "|porta_entrada_saida|port_reg[7]"
Warning: Found clock high time violation at 162.69 ns on register "|porta_entrada_saida|port_reg[0]"
Warning: Found clock high time violation at 162.69 ns on register "|porta_entrada_saida|port_reg[1]"
Warning: Found clock high time violation at 162.69 ns on register "|porta_entrada_saida|port_reg[2]"
Warning: Found clock high time violation at 162.69 ns on register "|porta_entrada_saida|port_reg[3]"
Warning: Found clock high time violation at 162.69 ns on register "|porta_entrada_saida|port_reg[4]"
Warning: Found clock high time violation at 162.69 ns on register "|porta_entrada_saida|port_reg[5]"
Warning: Found clock high time violation at 162.69 ns on register "|porta_entrada_saida|port_reg[6]"
Warning: Found clock high time violation at 162.69 ns on register "|porta_entrada_saida|port_reg[7]"
Warning: Found clock high time violation at 163.69 ns on register "|porta_entrada_saida|port_reg[0]"
Warning: Found clock high time violation at 163.69 ns on register "|porta_entrada_saida|port_reg[1]"
Warning: Found clock high time violation at 163.69 ns on register "|porta_entrada_saida|port_reg[2]"
Warning: Found clock high time violation at 163.69 ns on register "|porta_entrada_saida|port_reg[3]"
Warning: Found clock high time violation at 163.69 ns on register "|porta_entrada_saida|port_reg[4]"
Warning: Found clock high time violation at 163.69 ns on register "|porta_entrada_saida|port_reg[5]"
Warning: Found clock high time violation at 163.69 ns on register "|porta_entrada_saida|port_reg[6]"
Warning: Found clock high time violation at 163.69 ns on register "|porta_entrada_saida|port_reg[7]"
Info: Simulation partitioned into 1 sub-simulations
Info: Simulation coverage is      18.87 %
Info: Number of transitions in simulation is 8899
Info: Vector file lado_registrador.vwf is saved in VWF text format. You can compress it into CVWF format in order to reduce file size. For more details please refer to the Quartus II Help.
Info: Quartus II Simulator was successful. 0 errors, 320 warnings
    Info: Peak virtual memory: 148 megabytes
    Info: Processing ended: Tue Nov 22 15:50:01 2022
    Info: Elapsed time: 00:00:01
    Info: Total CPU time (on all processors): 00:00:01


